<?xml version="1.0" encoding="UTF-8"?>
<testng-results ignored="0" total="1" passed="1" failed="0" skipped="0">
  <reporter-output>
  </reporter-output>
  <suite started-at="2021-04-19T08:07:26 IST" name="Default suite" finished-at="2021-04-19T08:07:34 IST" duration-ms="8208">
    <groups>
    </groups>
    <test started-at="2021-04-19T08:07:26 IST" name="Default test" finished-at="2021-04-19T08:07:34 IST" duration-ms="8208">
      <class name="TestNG.Practice">
        <test-method is-config="true" signature="opneurl()[pri:0, instance:TestNG.Practice@7fc2413d]" started-at="2021-04-19T08:07:26 IST" name="opneurl" finished-at="2021-04-19T08:07:30 IST" duration-ms="4341" status="PASS">
          <reporter-output>
          </reporter-output>
        </test-method> <!-- opneurl -->
        <test-method signature="alert()[pri:0, instance:TestNG.Practice@7fc2413d]" started-at="2021-04-19T08:07:30 IST" name="alert" finished-at="2021-04-19T08:07:34 IST" duration-ms="3801" status="PASS">
          <reporter-output>
          </reporter-output>
        </test-method> <!-- alert -->
        <test-method is-config="true" signature="afterTest()[pri:0, instance:TestNG.Practice@7fc2413d]" started-at="2021-04-19T08:07:34 IST" name="afterTest" finished-at="2021-04-19T08:07:34 IST" duration-ms="0" status="PASS">
          <reporter-output>
          </reporter-output>
        </test-method> <!-- afterTest -->
      </class> <!-- TestNG.Practice -->
    </test> <!-- Default test -->
  </suite> <!-- Default suite -->
</testng-results>
